<?xml version="1.0" encoding="UTF-8"?>
<!-- Generated by org.testng.reporters.JUnitReportReporter -->
<testsuite skipped="0" hostname="DESKTOP-IN9OGTJ" name="testScript.ContactCases" tests="1" failures="0" timestamp="2021-10-01T13:36:58 IST" time="10.242" errors="0">
  <testcase name="createContact" time="10.242" classname="testScript.ContactCases"/>
  <system-out/>
</testsuite> <!-- testScript.ContactCases -->
