<?xml version="1.0" encoding="UTF-8"?>
<!-- Generated by org.testng.reporters.JUnitReportReporter -->
<testsuite skipped="0" hostname="DESKTOP-IN9OGTJ" name="testScriptPurchase.TC_21SelectUser" tests="1" failures="0" timestamp="2021-10-12T10:48:34 IST" time="16.558" errors="0">
  <testcase name="tc_21SelectUser" time="16.558" classname="testScriptPurchase.TC_21SelectUser"/>
  <system-out/>
</testsuite> <!-- testScriptPurchase.TC_21SelectUser -->
