<?xml version="1.0" encoding="UTF-8"?>
<!-- Generated by org.testng.reporters.JUnitReportReporter -->
<testsuite skipped="0" hostname="DESKTOP-IN9OGTJ" name="testScript.TC_24CreatePurchaseOrderAndSelectAssignedToInThatSelectGroupsAndSelectSupportGroup" tests="1" failures="0" timestamp="2021-10-07T15:06:13 IST" time="16.480" errors="0">
  <testcase name="createPurchaseOrder4" time="16.480" classname="testScript.TC_24CreatePurchaseOrderAndSelectAssignedToInThatSelectGroupsAndSelectSupportGroup"/>
  <system-out/>
</testsuite> <!-- testScript.TC_24CreatePurchaseOrderAndSelectAssignedToInThatSelectGroupsAndSelectSupportGroup -->
