<?xml version="1.0" encoding="UTF-8"?>
<!-- Generated by org.testng.reporters.JUnitReportReporter -->
<testsuite skipped="0" hostname="DESKTOP-IN9OGTJ" name="testScriptPurchase.TC_23GroupMarketing" tests="1" failures="0" timestamp="2021-10-07T17:06:19 IST" time="18.571" errors="0">
  <testcase name="tc_23GroupMarketing" time="18.571" classname="testScriptPurchase.TC_23GroupMarketing"/>
  <system-out/>
</testsuite> <!-- testScriptPurchase.TC_23GroupMarketing -->
