<?xml version="1.0" encoding="UTF-8"?>
<!-- Generated by org.testng.reporters.JUnitReportReporter -->
<testsuite skipped="0" hostname="DESKTOP-IN9OGTJ" name="testScriptPurchase.TC_22SelectGroup" tests="1" failures="0" timestamp="2021-10-07T17:06:19 IST" time="17.420" errors="0">
  <testcase name="tc_22SelectGroup" time="17.420" classname="testScriptPurchase.TC_22SelectGroup"/>
  <system-out/>
</testsuite> <!-- testScriptPurchase.TC_22SelectGroup -->
