<?xml version="1.0" encoding="UTF-8"?>
<!-- Generated by org.testng.reporters.JUnitReportReporter -->
<testsuite skipped="0" hostname="DESKTOP-IN9OGTJ" name="testScriptUsingTestNG.TC_23" tests="1" failures="0" timestamp="2021-10-08T11:54:46 IST" time="10.300" errors="0">
  <testcase name="tc_23" time="10.300" classname="testScriptUsingTestNG.TC_23"/>
  <system-out/>
</testsuite> <!-- testScriptUsingTestNG.TC_23 -->
