<?xml version="1.0" encoding="UTF-8"?>
<!-- Generated by org.testng.reporters.JUnitReportReporter -->
<testsuite skipped="0" hostname="DESKTOP-IN9OGTJ" name="testScript.LoginP" tests="1" failures="0" timestamp="2021-10-06T17:00:18 IST" time="19.325" errors="0">
  <testcase name="loginpa" time="19.325" classname="testScript.LoginP"/>
  <system-out/>
</testsuite> <!-- testScript.LoginP -->
