<?xml version="1.0" encoding="UTF-8"?>
<!-- Generated by org.testng.reporters.JUnitReportReporter -->
<testsuite skipped="0" hostname="DESKTOP-IN9OGTJ" name="testScript.TC_16" tests="1" failures="0" timestamp="2021-10-01T13:47:42 IST" time="10.591" errors="0">
  <testcase name="createPurchaseOrder5" time="10.591" classname="testScript.TC_16"/>
  <system-out/>
</testsuite> <!-- testScript.TC_16 -->
