<?xml version="1.0" encoding="UTF-8"?>
<!-- Generated by org.testng.reporters.JUnitReportReporter -->
<testsuite skipped="0" hostname="DESKTOP-IN9OGTJ" name="testScriptUsingTestNG.TC_24" tests="1" failures="0" timestamp="2021-11-29T12:32:32 IST" time="15.772" errors="0">
  <testcase name="tc_24" time="15.772" classname="testScriptUsingTestNG.TC_24"/>
  <system-out/>
</testsuite> <!-- testScriptUsingTestNG.TC_24 -->
