<?xml version="1.0" encoding="UTF-8"?>
<!-- Generated by org.testng.reporters.JUnitReportReporter -->
<testsuite skipped="0" hostname="DESKTOP-IN9OGTJ" name="testScriptPurchase.TC_25GroupTeamSelling" tests="1" failures="0" timestamp="2021-10-07T17:06:19 IST" time="17.520" errors="0">
  <testcase name="tc_25GroupTeamSelling" time="17.520" classname="testScriptPurchase.TC_25GroupTeamSelling"/>
  <system-out/>
</testsuite> <!-- testScriptPurchase.TC_25GroupTeamSelling -->
