<?xml version="1.0" encoding="UTF-8"?>
<!-- Generated by org.testng.reporters.JUnitReportReporter -->
<testsuite skipped="0" hostname="DESKTOP-IN9OGTJ" name="testScript.TC_21CreatePurchaseOrderAndSelectAssignedToInThatselectUser" tests="1" failures="0" timestamp="2021-10-07T16:49:25 IST" time="16.241" errors="0">
  <testcase name="createPurchaseOrder" time="16.241" classname="testScript.TC_21CreatePurchaseOrderAndSelectAssignedToInThatselectUser"/>
  <system-out/>
</testsuite> <!-- testScript.TC_21CreatePurchaseOrderAndSelectAssignedToInThatselectUser -->
