<?xml version="1.0" encoding="UTF-8"?>
<!-- Generated by org.testng.reporters.JUnitReportReporter -->
<testsuite skipped="0" hostname="DESKTOP-IN9OGTJ" name="testScriptUsingTestNG.TC_21" tests="1" failures="0" timestamp="2021-10-08T11:54:46 IST" time="10.148" errors="0">
  <testcase name="tc_21" time="10.148" classname="testScriptUsingTestNG.TC_21"/>
  <system-out/>
</testsuite> <!-- testScriptUsingTestNG.TC_21 -->
