<?xml version="1.0" encoding="UTF-8"?>
<!-- Generated by org.testng.reporters.JUnitReportReporter -->
<testsuite skipped="0" hostname="DESKTOP-IN9OGTJ" name="com.scenario.Vtiger.CreateAContactWithExistingOrganisation" tests="1" failures="0" timestamp="2021-11-29T17:19:00 IST" time="23.636" errors="0">
  <testcase name="test" time="23.636" classname="com.scenario.Vtiger.CreateAContactWithExistingOrganisation"/>
  <system-out/>
</testsuite> <!-- com.scenario.Vtiger.CreateAContactWithExistingOrganisation -->
